2019-12-06 18:13:29.0416 DEBUG Framework.Start => Bundle.Start => Class1.Start => LogPlugin Started!
2019-12-06 18:13:29.1256 INFO Framework.Start => Bundle.Start => Class1.Start => EventHandlePlugin Started!
2019-12-06 18:13:29.2825 DEBUG Framework.Start => Bundle.Start => Class1.Start => DBPlugin Started!
2019-12-06 18:13:29.3035 INFO Framework.Start => Bundle.Start => Class1.Start => BundleServicesProvider Started!
2019-12-06 18:13:29.3455 DEBUG Framework.Start => Bundle.Start => Class1.Start => CachePlugin Started!
2019-12-06 18:13:29.3694 DEBUG Framework.Start => Bundle.Start => Class1.Start => TestPlugin Started!
2019-12-06 18:13:29.3944 DEBUG Framework.Start => Bundle.Start => Class1.Start => TestPlugin2 Started!
2019-12-06 18:33:48.4085 DEBUG Framework.Start => Bundle.Start => Class1.Start => LogPlugin Started!
2019-12-06 18:33:48.4775 INFO Framework.Start => Bundle.Start => Class1.Start => EventHandlePlugin Started!
2019-12-06 18:33:48.6034 DEBUG Framework.Start => Bundle.Start => Class1.Start => DBPlugin Started!
2019-12-06 18:33:48.6434 INFO Framework.Start => Bundle.Start => Class1.Start => BundleServicesProvider Started!
2019-12-06 18:33:48.6634 DEBUG Framework.Start => Bundle.Start => Class1.Start => CachePlugin Started!
2019-12-06 18:33:48.6863 DEBUG Framework.Start => Bundle.Start => Class1.Start => TestPlugin Started!
2019-12-06 18:33:48.7143 DEBUG Framework.Start => Bundle.Start => Class1.Start => TestPlugin2 Started!
2019-12-06 18:33:54.9981 DEBUG PluginDetailForm.buttonForMakeSure_Click => Bundle.Stop => Class1.Stop => CachePlugin Stopped!
2019-12-06 18:34:03.0161 DEBUG PluginDetailForm.buttonForMakeSure_Click => Bundle.Start => Class1.Start => CachePlugin Started!
2019-12-06 18:44:56.2364 DEBUG Framework.Start => Bundle.Start => Class1.Start => LogPlugin Started!
2019-12-06 18:44:56.3263 INFO Framework.Start => Bundle.Start => Class1.Start => EventHandlePlugin Started!
2019-12-06 18:44:56.4692 DEBUG Framework.Start => Bundle.Start => Class1.Start => DBPlugin Started!
2019-12-06 18:44:56.4882 INFO Framework.Start => Bundle.Start => Class1.Start => BundleServicesProvider Started!
2019-12-06 18:44:56.5052 DEBUG Framework.Start => Bundle.Start => Class1.Start => CachePlugin Started!
2019-12-06 18:44:56.5232 DEBUG Framework.Start => Bundle.Start => Class1.Start => TestPlugin Started!
2019-12-06 18:44:56.5432 DEBUG Framework.Start => Bundle.Start => Class1.Start => TestPlugin2 Started!
2019-12-06 18:48:20.6904 DEBUG Framework.Start => Bundle.Start => Class1.Start => LogPlugin Started!
2019-12-06 18:48:20.7624 INFO Framework.Start => Bundle.Start => Class1.Start => EventHandlePlugin Started!
2019-12-06 18:48:20.8943 DEBUG Framework.Start => Bundle.Start => Class1.Start => DBPlugin Started!
2019-12-06 18:48:20.9113 INFO Framework.Start => Bundle.Start => Class1.Start => BundleServicesProvider Started!
2019-12-06 18:48:20.9293 DEBUG Framework.Start => Bundle.Start => Class1.Start => CachePlugin Started!
2019-12-06 18:48:20.9452 DEBUG Framework.Start => Bundle.Start => Class1.Start => TestPlugin Started!
2019-12-06 18:48:20.9612 DEBUG Framework.Start => Bundle.Start => Class1.Start => TestPlugin2 Started!
