2019-11-20 16:09:42.7463 DEBUG Framework.Start => Bundle.Start => Class1.Start => LogPlugin Started!\n
2019-11-20 16:09:42.8293 INFO Framework.Start => Bundle.Start => Class1.Start => EventHandlePlugin Started!\n
2019-11-20 16:09:42.8742 DEBUG Framework.Start => Bundle.Start => Class1.Start => DBPlugin Started!\n
2019-11-20 16:09:42.8912 INFO Framework.Start => Bundle.Start => Class1.Start => BundleServicesProvider Started!\n
2019-11-20 16:09:42.9052 DEBUG Framework.Start => Bundle.Start => Class1.Start => CachePlugin Started!\n
2019-11-20 16:09:42.9222 DEBUG Framework.Start => Bundle.Start => Class1.Start => TestPlugin Started!\n
2019-11-20 16:09:49.9210 INFO DBServices.post => EventService.postEvent => ListenerTest.notify => recieve message!\n
2019-11-20 16:20:25.3376 DEBUG Framework.Start => Bundle.Start => Class1.Start => LogPlugin Started!
2019-11-20 16:20:25.4176 INFO Framework.Start => Bundle.Start => Class1.Start => EventHandlePlugin Started!
2019-11-20 16:20:25.4676 DEBUG Framework.Start => Bundle.Start => Class1.Start => DBPlugin Started!
2019-11-20 16:20:25.4876 INFO Framework.Start => Bundle.Start => Class1.Start => BundleServicesProvider Started!
2019-11-20 16:20:25.4976 DEBUG Framework.Start => Bundle.Start => Class1.Start => CachePlugin Started!
2019-11-20 16:20:25.5176 DEBUG Framework.Start => Bundle.Start => Class1.Start => TestPlugin Started!
2019-11-20 16:20:36.1665 DEBUG PluginDetailForm.stopRadioButton_CheckedChanged => Bundle.Stop => Class1.Stop => CachePlugin Stopped!
2019-11-20 16:20:48.2552 DEBUG PluginDetailForm.activeRadioButton_CheckedChanged => Bundle.Start => Class1.Start => CachePlugin Started!
2019-11-20 16:30:51.2826 DEBUG Framework.Start => Bundle.Start => Class1.Start => LogPlugin Started!
2019-11-20 16:30:51.3626 INFO Framework.Start => Bundle.Start => Class1.Start => EventHandlePlugin Started!
2019-11-20 16:30:51.4226 DEBUG Framework.Start => Bundle.Start => Class1.Start => DBPlugin Started!
2019-11-20 16:30:51.4426 INFO Framework.Start => Bundle.Start => Class1.Start => BundleServicesProvider Started!
2019-11-20 16:30:51.4426 DEBUG Framework.Start => Bundle.Start => Class1.Start => CachePlugin Started!
2019-11-20 16:30:51.4726 DEBUG Framework.Start => Bundle.Start => Class1.Start => TestPlugin Started!
2019-11-20 16:30:58.5818 INFO DBServices.post => EventService.postEvent => ListenerTest.notify => recieve message!
