2019-12-03 16:18:55.2245 DEBUG Framework.Start => Bundle.Start => Class1.Start => LogPlugin Started!
2019-12-03 16:18:55.2869 INFO Framework.Start => Bundle.Start => Class1.Start => EventHandlePlugin Started!
2019-12-03 16:18:55.3338 DEBUG Framework.Start => Bundle.Start => Class1.Start => DBPlugin Started!
2019-12-03 16:18:55.3494 INFO Framework.Start => Bundle.Start => Class1.Start => BundleServicesProvider Started!
2019-12-03 16:18:55.3650 DEBUG Framework.Start => Bundle.Start => Class1.Start => CachePlugin Started!
2019-12-03 16:18:55.3650 DEBUG Framework.Start => Bundle.Start => Class1.Start => TestPlugin Started!
2019-12-03 16:22:05.0938 DEBUG Framework.Start => Bundle.Start => Class1.Start => LogPlugin Started!
2019-12-03 16:22:05.1407 INFO Framework.Start => Bundle.Start => Class1.Start => EventHandlePlugin Started!
2019-12-03 16:22:05.2032 DEBUG Framework.Start => Bundle.Start => Class1.Start => DBPlugin Started!
2019-12-03 16:22:05.2188 INFO Framework.Start => Bundle.Start => Class1.Start => BundleServicesProvider Started!
2019-12-03 16:22:05.2188 DEBUG Framework.Start => Bundle.Start => Class1.Start => CachePlugin Started!
2019-12-03 16:22:05.2344 DEBUG Framework.Start => Bundle.Start => Class1.Start => TestPlugin Started!
2019-12-03 16:22:05.2344 DEBUG Framework.Start => Bundle.Start => Class1.Start => TestPlugin2 Started!
2019-12-03 16:33:03.7085 DEBUG Framework.Start => Bundle.Start => Class1.Start => LogPlugin Started!
2019-12-03 16:33:03.7554 INFO Framework.Start => Bundle.Start => Class1.Start => EventHandlePlugin Started!
2019-12-03 16:33:03.8022 DEBUG Framework.Start => Bundle.Start => Class1.Start => DBPlugin Started!
2019-12-03 16:33:03.8179 INFO Framework.Start => Bundle.Start => Class1.Start => BundleServicesProvider Started!
2019-12-03 16:33:03.8179 DEBUG Framework.Start => Bundle.Start => Class1.Start => CachePlugin Started!
2019-12-03 16:33:03.8335 DEBUG Framework.Start => Bundle.Start => Class1.Start => TestPlugin Started!
2019-12-03 16:33:03.8335 DEBUG Framework.Start => Bundle.Start => Class1.Start => TestPlugin2 Started!
2019-12-03 16:33:13.6295 INFO DBServices.post => EventService.postEvent => ListenerTest.notify => recieve message!
2019-12-03 16:33:13.6295 INFO DBServices.post => EventService.postEvent => ListenerTest.notify => recieve message!
2019-12-03 16:48:04.8664 DEBUG Framework.Start => Bundle.Start => Class1.Start => LogPlugin Started!
2019-12-03 16:48:04.9763 INFO Framework.Start => Bundle.Start => Class1.Start => EventHandlePlugin Started!
2019-12-03 16:48:05.0963 DEBUG Framework.Start => Bundle.Start => Class1.Start => DBPlugin Started!
2019-12-03 16:48:05.1063 INFO Framework.Start => Bundle.Start => Class1.Start => BundleServicesProvider Started!
2019-12-03 16:48:05.1463 DEBUG Framework.Start => Bundle.Start => Class1.Start => CachePlugin Started!
2019-12-03 16:48:05.1663 DEBUG Framework.Start => Bundle.Start => Class1.Start => TestPlugin Started!
2019-12-03 16:48:05.1963 DEBUG Framework.Start => Bundle.Start => Class1.Start => TestPlugin2 Started!
