2019-11-24 13:47:17.4621 DEBUG Framework.Start => Bundle.Start => Class1.Start => LogPlugin Started!
2019-11-24 13:47:17.4933 INFO Framework.Start => Bundle.Start => Class1.Start => EventHandlePlugin Started!
2019-11-24 13:47:17.5402 DEBUG Framework.Start => Bundle.Start => Class1.Start => DBPlugin Started!
2019-11-24 13:47:17.5402 INFO Framework.Start => Bundle.Start => Class1.Start => BundleServicesProvider Started!
2019-11-24 13:47:17.5402 DEBUG Framework.Start => Bundle.Start => Class1.Start => CachePlugin Started!
2019-11-24 13:47:17.5402 DEBUG Framework.Start => Bundle.Start => Class1.Start => TestPlugin Started!
2019-11-24 13:47:27.2635 INFO DBServices.post => EventService.postEvent => ListenerTest.notify => recieve message!
2019-11-24 13:47:33.7308 DEBUG Framework.Start => Bundle.Start => Class1.Start => LogPlugin Started!
2019-11-24 13:47:33.7620 INFO Framework.Start => Bundle.Start => Class1.Start => EventHandlePlugin Started!
2019-11-24 13:47:33.8245 DEBUG Framework.Start => Bundle.Start => Class1.Start => DBPlugin Started!
2019-11-24 13:47:33.8245 INFO Framework.Start => Bundle.Start => Class1.Start => BundleServicesProvider Started!
2019-11-24 13:47:33.8245 DEBUG Framework.Start => Bundle.Start => Class1.Start => CachePlugin Started!
2019-11-24 13:47:33.8245 DEBUG Framework.Start => Bundle.Start => Class1.Start => TestPlugin Started!
2019-11-24 13:48:24.0044 DEBUG PluginDetailForm.stopRadioButton_CheckedChanged => Bundle.Stop => Class1.Stop => DBPlugin Stopped!
2019-11-24 13:48:47.1466 DEBUG PluginDetailForm.activeRadioButton_CheckedChanged => Bundle.Start => Class1.Start => DBPlugin Started!
2019-11-24 13:49:07.2925 INFO DBServices.post => EventService.postEvent => ListenerTest.notify => recieve message!
2019-11-24 13:49:16.6753 DEBUG PluginDetailForm.stopRadioButton_CheckedChanged => Bundle.Stop => Class1.Stop => DBPlugin Stopped!
2019-11-24 13:49:19.3743 DEBUG PluginDetailForm.activeRadioButton_CheckedChanged => Bundle.Start => Class1.Start => DBPlugin Started!
2019-11-24 13:49:28.1232 DEBUG PluginDetailForm.stopRadioButton_CheckedChanged => Bundle.Stop => Class1.Stop => DBPlugin Stopped!
2019-11-24 13:49:30.8590 DEBUG PluginDetailForm.activeRadioButton_CheckedChanged => Bundle.Start => Class1.Start => DBPlugin Started!
2019-11-24 13:49:37.7013 DEBUG PluginDetailForm.stopRadioButton_CheckedChanged => Bundle.Stop => Class1.Stop => DBPlugin Stopped!
2019-11-24 13:49:39.9961 DEBUG PluginDetailForm.activeRadioButton_CheckedChanged => Bundle.Start => Class1.Start => DBPlugin Started!
